<?xml version="1.0" encoding="UTF-8"?>
<testsuite xmlns:xsi="http://www.w3.org/2001/XMLSchema-instance" xsi:noNamespaceSchemaLocation="https://maven.apache.org/surefire/maven-surefire-plugin/xsd/surefire-test-report.xsd" name="unam.ciencias.computoconcurrente.PrimeNumberCalculatorTest" time="0" tests="11" errors="0" skipped="0" failures="6">
  <properties>
[...]
</properties>
  <testcase name="isPrimeSequentialBigNumber" classname="unam.ciencias.computoconcurrente.PrimeNumberCalculatorTest" time="0"/>
  <testcase name="isNotPrimeSequentialBigNumber" classname="unam.ciencias.computoconcurrente.PrimeNumberCalculatorTest" time="0">
    <failure message="expected: &lt;false&gt; but was: &lt;true&gt;" type="org.opentest4j.AssertionFailedError"><![CDATA[org.opentest4j.AssertionFailedError: expected: <false> but was: <true>
	at unam.ciencias.computoconcurrente.PrimeNumberCalculatorTest.isNotPrimeSequentialBigNumber(PrimeNumberCalculatorTest.java:72)
]]></failure>
  </testcase>
  <testcase name="isPrimeConcurrentBigNumber" classname="unam.ciencias.computoconcurrente.PrimeNumberCalculatorTest" time="0"/>
  <testcase name="isPrimeConcurrent" classname="unam.ciencias.computoconcurrente.PrimeNumberCalculatorTest" time="0"/>
  <testcase name="isNotPrimeConcurrent" classname="unam.ciencias.computoconcurrente.PrimeNumberCalculatorTest" time="0">
    <failure message="expected: &lt;false&gt; but was: &lt;true&gt;" type="org.opentest4j.AssertionFailedError"><![CDATA[org.opentest4j.AssertionFailedError: expected: <false> but was: <true>
	at unam.ciencias.computoconcurrente.PrimeNumberCalculatorTest.isNotPrimeConcurrent(PrimeNumberCalculatorTest.java:58)
]]></failure>
  </testcase>
  <testcase name="oneIsNotPrime" classname="unam.ciencias.computoconcurrente.PrimeNumberCalculatorTest" time="0">
    <failure message="expected: &lt;false&gt; but was: &lt;true&gt;" type="org.opentest4j.AssertionFailedError"><![CDATA[org.opentest4j.AssertionFailedError: expected: <false> but was: <true>
	at unam.ciencias.computoconcurrente.PrimeNumberCalculatorTest.oneIsNotPrime(PrimeNumberCalculatorTest.java:22)
]]></failure>
  </testcase>
  <testcase name="isNotPrimeConcurrentBigNumber" classname="unam.ciencias.computoconcurrente.PrimeNumberCalculatorTest" time="0">
    <failure message="expected: &lt;false&gt; but was: &lt;true&gt;" type="org.opentest4j.AssertionFailedError"><![CDATA[org.opentest4j.AssertionFailedError: expected: <false> but was: <true>
	at unam.ciencias.computoconcurrente.PrimeNumberCalculatorTest.isNotPrimeConcurrentBigNumber(PrimeNumberCalculatorTest.java:86)
]]></failure>
  </testcase>
  <testcase name="isPrimeSequential" classname="unam.ciencias.computoconcurrente.PrimeNumberCalculatorTest" time="0"/>
  <testcase name="zeroIsNotPrime" classname="unam.ciencias.computoconcurrente.PrimeNumberCalculatorTest" time="0">
    <failure message="expected: &lt;false&gt; but was: &lt;true&gt;" type="org.opentest4j.AssertionFailedError"><![CDATA[org.opentest4j.AssertionFailedError: expected: <false> but was: <true>
	at unam.ciencias.computoconcurrente.PrimeNumberCalculatorTest.zeroIsNotPrime(PrimeNumberCalculatorTest.java:15)
]]></failure>
  </testcase>
  <testcase name="isNotPrimeSequential" classname="unam.ciencias.computoconcurrente.PrimeNumberCalculatorTest" time="0">
    <failure message="expected: &lt;false&gt; but was: &lt;true&gt;" type="org.opentest4j.AssertionFailedError"><![CDATA[org.opentest4j.AssertionFailedError: expected: <false> but was: <true>
	at unam.ciencias.computoconcurrente.PrimeNumberCalculatorTest.isNotPrimeSequential(PrimeNumberCalculatorTest.java:44)
]]></failure>
  </testcase>
  <testcase name="negativeIsPrime" classname="unam.ciencias.computoconcurrente.PrimeNumberCalculatorTest" time="0"/>
</testsuite>